<?xml version="1.0" encoding="UTF-8"?>
<!-- Generated by org.testng.reporters.JUnitXMLReporter -->
<testsuite hostname="LAPTOP-A33NF1HV" ignored="4" name="EdgeTest" tests="5" failures="0" timestamp="2021-02-28T18:23:15 IST" time="0.014" errors="0">
  <testcase name="@BeforeTest preCondition" time="-1.614516795179E9" classname="testcase.Baseclass">
    <failure type="org.testng.TestNGException" message="
Parameter &amp;apos;username&amp;apos; is required by BeforeTest on method preCondition but has not been marked @Optional or defined
in C:\Users\Rajaprabhakaran\eclipse-workspace\MavenProject\testng_parallel.xml">
      <![CDATA[org.testng.TestNGException: 
Parameter 'username' is required by BeforeTest on method preCondition but has not been marked @Optional or defined
in C:\Users\Rajaprabhakaran\eclipse-workspace\MavenProject\testng_parallel.xml
... Removed 21 stack frames]]>
    </failure>
  </testcase> <!-- @BeforeTest preCondition -->
  <testcase name="@BeforeClass setFileName" time="-1.614516795181E9" classname="testcase.EditLead">
    <skipped/>
  </testcase> <!-- @BeforeClass setFileName -->
  <testcase name="@BeforeClass setFileName" time="-1.614516795181E9" classname="testcase.CreateLead">
    <skipped/>
  </testcase> <!-- @BeforeClass setFileName -->
  <testcase name="@BeforeClass setFileName" time="-1.614516795181E9" classname="testcase.DeleteLead">
    <skipped/>
  </testcase> <!-- @BeforeClass setFileName -->
  <testcase name="@BeforeClass setFileName" time="-1.614516795186E9" classname="testcase.MergeLead">
    <skipped/>
  </testcase> <!-- @BeforeClass setFileName -->
  <testcase name="@BeforeClass setFileName" time="-1.614516795187E9" classname="testcase.DuplicateLead">
    <skipped/>
  </testcase> <!-- @BeforeClass setFileName -->
  <testcase name="runCreateLead" time="0.0" classname="testcase.CreateLead">
    <skipped/>
  </testcase> <!-- runCreateLead -->
  <testcase name="runEditLead" time="0.0" classname="testcase.EditLead">
    <skipped/>
  </testcase> <!-- runEditLead -->
  <testcase name="runDeleteLead" time="0.0" classname="testcase.DeleteLead">
    <skipped/>
  </testcase> <!-- runDeleteLead -->
  <testcase name="runMergeLead" time="0.0" classname="testcase.MergeLead">
    <skipped/>
  </testcase> <!-- runMergeLead -->
  <testcase name="runDuplicateLead" time="0.0" classname="testcase.DuplicateLead">
    <skipped/>
  </testcase> <!-- runDuplicateLead -->
  <testcase name="@BeforeTest preCondition" time="0.0" classname="testcase.Baseclass">
    <ignored/>
  </testcase> <!-- @BeforeTest preCondition -->
  <testcase name="@BeforeTest preCondition" time="0.0" classname="testcase.Baseclass">
    <ignored/>
  </testcase> <!-- @BeforeTest preCondition -->
  <testcase name="@BeforeTest preCondition" time="0.0" classname="testcase.Baseclass">
    <ignored/>
  </testcase> <!-- @BeforeTest preCondition -->
  <testcase name="@BeforeTest preCondition" time="0.0" classname="testcase.Baseclass">
    <ignored/>
  </testcase> <!-- @BeforeTest preCondition -->
</testsuite> <!-- EdgeTest -->
