<?xml version="1.0" encoding="UTF-8"?>
<testng-results skipped="0" failed="1" ignored="0" total="1" passed="0">
  <reporter-output>
  </reporter-output>
  <suite name="Default suite" duration-ms="66027" started-at="2021-04-17T15:01:31 IST" finished-at="2021-04-17T15:02:37 IST">
    <groups>
      <group name="cucumber">
        <method signature="AbstractTestNGCucumberTests.runScenario(io.cucumber.testng.PickleWrapper, io.cucumber.testng.FeatureWrapper)[pri:0, instance:runner.RunDuplicateLead@6dde5c8c]" name="runScenario" class="io.cucumber.testng.AbstractTestNGCucumberTests"/>
      </group> <!-- cucumber -->
    </groups>
    <test name="Default test" duration-ms="66027" started-at="2021-04-17T15:01:31 IST" finished-at="2021-04-17T15:02:37 IST">
      <class name="runner.RunDuplicateLead">
        <test-method status="PASS" signature="setUpClass()[pri:0, instance:runner.RunDuplicateLead@6dde5c8c]" name="setUpClass" is-config="true" duration-ms="565" started-at="2021-04-17T15:01:31 IST" finished-at="2021-04-17T15:01:32 IST">
          <reporter-output>
          </reporter-output>
        </test-method> <!-- setUpClass -->
        <test-method status="FAIL" signature="runScenario(io.cucumber.testng.PickleWrapper, io.cucumber.testng.FeatureWrapper)[pri:0, instance:runner.RunDuplicateLead@6dde5c8c]" name="runScenario" duration-ms="62698" started-at="2021-04-17T15:01:32 IST" description="Runs Cucumber Scenarios" data-provider="scenarios" finished-at="2021-04-17T15:02:34 IST">
          <params>
            <param index="0">
              <value>
                <![CDATA["Duplicate Lead in Leaftaps"]]>
              </value>
            </param>
            <param index="1">
              <value>
                <![CDATA["Optional[Duplicate Lead functionality in Leaftaps]"]]>
              </value>
            </param>
          </params>
          <exception class="org.openqa.selenium.NoSuchElementException">
            <message>
              <![CDATA[no such element: Unable to locate element: {"method":"xpath","selector":"//input[@name='phoneNumber']"}
  (Session info: chrome=89.0.4389.128)
For documentation on this error, please visit: https://selenium.dev/exceptions/#no_such_element
Build info: version: '4.0.0-alpha-6', revision: '5f43a29cfc'
System info: host: 'LAPTOP-A33NF1HV', ip: '192.168.43.235', os.name: 'Windows 10', os.arch: 'amd64', os.version: '10.0', java.version: '1.8.0_271'
Driver info: org.openqa.selenium.chrome.ChromeDriver
Capabilities {acceptInsecureCerts: false, browserName: chrome, browserVersion: 89.0.4389.128, chrome: {chromedriverVersion: 89.0.4389.23 (61b08ee2c5002..., userDataDir: C:\Users\RAJAPR~1\AppData\L...}, goog:chromeOptions: {debuggerAddress: localhost:65503}, javascriptEnabled: true, networkConnectionEnabled: false, pageLoadStrategy: normal, platform: WINDOWS, platformName: WINDOWS, proxy: Proxy(), setWindowRect: true, strictFileInteractability: false, timeouts: {implicit: 0, pageLoad: 300000, script: 30000}, unhandledPromptBehavior: dismiss and notify, webauthn:extension:largeBlob: true, webauthn:virtualAuthenticators: true}
Session ID: f766f22bf1d3257ff34302e18522b7aa
*** Element info: {Using=xpath, value=//input[@name='phoneNumber']}]]>
            </message>
            <full-stacktrace>
              <![CDATA[org.openqa.selenium.NoSuchElementException: no such element: Unable to locate element: {"method":"xpath","selector":"//input[@name='phoneNumber']"}
  (Session info: chrome=89.0.4389.128)
For documentation on this error, please visit: https://selenium.dev/exceptions/#no_such_element
Build info: version: '4.0.0-alpha-6', revision: '5f43a29cfc'
System info: host: 'LAPTOP-A33NF1HV', ip: '192.168.43.235', os.name: 'Windows 10', os.arch: 'amd64', os.version: '10.0', java.version: '1.8.0_271'
Driver info: org.openqa.selenium.chrome.ChromeDriver
Capabilities {acceptInsecureCerts: false, browserName: chrome, browserVersion: 89.0.4389.128, chrome: {chromedriverVersion: 89.0.4389.23 (61b08ee2c5002..., userDataDir: C:\Users\RAJAPR~1\AppData\L...}, goog:chromeOptions: {debuggerAddress: localhost:65503}, javascriptEnabled: true, networkConnectionEnabled: false, pageLoadStrategy: normal, platform: WINDOWS, platformName: WINDOWS, proxy: Proxy(), setWindowRect: true, strictFileInteractability: false, timeouts: {implicit: 0, pageLoad: 300000, script: 30000}, unhandledPromptBehavior: dismiss and notify, webauthn:extension:largeBlob: true, webauthn:virtualAuthenticators: true}
Session ID: f766f22bf1d3257ff34302e18522b7aa
*** Element info: {Using=xpath, value=//input[@name='phoneNumber']}
at sun.reflect.NativeConstructorAccessorImpl.newInstance0(Native Method)
at sun.reflect.NativeConstructorAccessorImpl.newInstance(Unknown Source)
at sun.reflect.DelegatingConstructorAccessorImpl.newInstance(Unknown Source)
at java.lang.reflect.Constructor.newInstance(Unknown Source)
at org.openqa.selenium.remote.codec.w3c.W3CHttpResponseCodec.createException(W3CHttpResponseCodec.java:196)
at org.openqa.selenium.remote.codec.w3c.W3CHttpResponseCodec.decode(W3CHttpResponseCodec.java:129)
at org.openqa.selenium.remote.codec.w3c.W3CHttpResponseCodec.decode(W3CHttpResponseCodec.java:53)
at org.openqa.selenium.remote.HttpCommandExecutor.execute(HttpCommandExecutor.java:160)
at org.openqa.selenium.remote.service.DriverCommandExecutor.execute(DriverCommandExecutor.java:83)
at org.openqa.selenium.remote.RemoteWebDriver.execute(RemoteWebDriver.java:582)
at org.openqa.selenium.remote.RemoteWebDriver.findElement(RemoteWebDriver.java:333)
at org.openqa.selenium.remote.RemoteWebDriver.findElementByXPath(RemoteWebDriver.java:451)
at steps.DuplicateLead.enter_the_phone_Number(DuplicateLead.java:22)
at ✽.Entered the phone number "9"(file:///C:/Selenium%20Redo/64bit-20210107T015217Z-001/64bit/eclipse_64bit/eclipse_64bit/MavenProject2/src/test/java/features/TC004_DuplicateLead.feature:8)
]]>
            </full-stacktrace>
          </exception> <!-- org.openqa.selenium.NoSuchElementException -->
          <reporter-output>
          </reporter-output>
        </test-method> <!-- runScenario -->
        <test-method status="PASS" signature="tearDownClass()[pri:0, instance:runner.RunDuplicateLead@6dde5c8c]" name="tearDownClass" is-config="true" duration-ms="2720" started-at="2021-04-17T15:02:34 IST" finished-at="2021-04-17T15:02:37 IST">
          <reporter-output>
          </reporter-output>
        </test-method> <!-- tearDownClass -->
      </class> <!-- runner.RunDuplicateLead -->
    </test> <!-- Default test -->
  </suite> <!-- Default suite -->
</testng-results>
