<?xml version="1.0" encoding="UTF-8"?>
<!-- Generated by org.testng.reporters.JUnitReportReporter -->
<testsuite skipped="0" hostname="LAPTOP-A33NF1HV" name="runner.RunEditLead" tests="1" failures="0" timestamp="2021-02-27T16:38:52 IST" time="29.401" errors="1">
  <testcase name="runScenario" time="29.401" classname="runner.RunEditLead">
    <error type="io.cucumber.java.PendingException" message="TODO: implement me">
      <![CDATA[io.cucumber.java.PendingException: TODO: implement me
at steps.EditLead.lead_page_display(EditLead.java:63)
at ✽.Lead page should display(file:///C:/Users/Rajaprabhakaran/eclipse-workspace/MavenProject/src/test/java/features/TC003_EditLead.feature:14)
]]>
    </error>
  </testcase> <!-- runScenario -->
  <system-out/>
</testsuite> <!-- runner.RunEditLead -->
